[0.818s] Invoking command in '/home/csrobot/workspaces/ur_gazebo/src/my_moveit_pkg': PYTHONPATH=/home/csrobot/workspaces/ur_gazebo/src/build/my_moveit_pkg/prefix_override:/usr/lib/python3/dist-packages/colcon_core/task/python/colcon_distutils_commands:/home/csrobot/workspaces/ur_gazebo/src/install/my_moveit_pkg/lib/python3.10/site-packages:${PYTHONPATH} /usr/bin/python3 -W ignore:setup.py install is deprecated setup.py egg_info --egg-base ../build/my_moveit_pkg build --build-base /home/csrobot/workspaces/ur_gazebo/src/build/my_moveit_pkg/build install --record /home/csrobot/workspaces/ur_gazebo/src/build/my_moveit_pkg/install.log --single-version-externally-managed install_data
[1.059s] running egg_info
[1.060s] creating ../build/my_moveit_pkg/my_moveit_pkg.egg-info
[1.060s] writing ../build/my_moveit_pkg/my_moveit_pkg.egg-info/PKG-INFO
[1.060s] writing dependency_links to ../build/my_moveit_pkg/my_moveit_pkg.egg-info/dependency_links.txt
[1.061s] writing entry points to ../build/my_moveit_pkg/my_moveit_pkg.egg-info/entry_points.txt
[1.061s] writing requirements to ../build/my_moveit_pkg/my_moveit_pkg.egg-info/requires.txt
[1.061s] writing top-level names to ../build/my_moveit_pkg/my_moveit_pkg.egg-info/top_level.txt
[1.061s] writing manifest file '../build/my_moveit_pkg/my_moveit_pkg.egg-info/SOURCES.txt'
[1.063s] reading manifest file '../build/my_moveit_pkg/my_moveit_pkg.egg-info/SOURCES.txt'
[1.063s] writing manifest file '../build/my_moveit_pkg/my_moveit_pkg.egg-info/SOURCES.txt'
[1.064s] running build
[1.064s] running build_py
[1.064s] creating /home/csrobot/workspaces/ur_gazebo/src/build/my_moveit_pkg/build
[1.066s] creating /home/csrobot/workspaces/ur_gazebo/src/build/my_moveit_pkg/build/lib
[1.066s] creating /home/csrobot/workspaces/ur_gazebo/src/build/my_moveit_pkg/build/lib/my_moveit_pkg
[1.066s] copying my_moveit_pkg/ur5_arm_test_copy.py -> /home/csrobot/workspaces/ur_gazebo/src/build/my_moveit_pkg/build/lib/my_moveit_pkg
[1.066s] copying my_moveit_pkg/ur5_arm_test.py -> /home/csrobot/workspaces/ur_gazebo/src/build/my_moveit_pkg/build/lib/my_moveit_pkg
[1.066s] copying my_moveit_pkg/__init__.py -> /home/csrobot/workspaces/ur_gazebo/src/build/my_moveit_pkg/build/lib/my_moveit_pkg
[1.066s] copying my_moveit_pkg/publisher_testing.py -> /home/csrobot/workspaces/ur_gazebo/src/build/my_moveit_pkg/build/lib/my_moveit_pkg
[1.067s] running install
[1.068s] running install_lib
[1.068s] creating /home/csrobot/workspaces/ur_gazebo/src/install/my_moveit_pkg/lib/python3.10/site-packages/my_moveit_pkg
[1.068s] copying /home/csrobot/workspaces/ur_gazebo/src/build/my_moveit_pkg/build/lib/my_moveit_pkg/ur5_arm_test_copy.py -> /home/csrobot/workspaces/ur_gazebo/src/install/my_moveit_pkg/lib/python3.10/site-packages/my_moveit_pkg
[1.069s] copying /home/csrobot/workspaces/ur_gazebo/src/build/my_moveit_pkg/build/lib/my_moveit_pkg/ur5_arm_test.py -> /home/csrobot/workspaces/ur_gazebo/src/install/my_moveit_pkg/lib/python3.10/site-packages/my_moveit_pkg
[1.069s] copying /home/csrobot/workspaces/ur_gazebo/src/build/my_moveit_pkg/build/lib/my_moveit_pkg/__init__.py -> /home/csrobot/workspaces/ur_gazebo/src/install/my_moveit_pkg/lib/python3.10/site-packages/my_moveit_pkg
[1.069s] copying /home/csrobot/workspaces/ur_gazebo/src/build/my_moveit_pkg/build/lib/my_moveit_pkg/publisher_testing.py -> /home/csrobot/workspaces/ur_gazebo/src/install/my_moveit_pkg/lib/python3.10/site-packages/my_moveit_pkg
[1.069s] byte-compiling /home/csrobot/workspaces/ur_gazebo/src/install/my_moveit_pkg/lib/python3.10/site-packages/my_moveit_pkg/ur5_arm_test_copy.py to ur5_arm_test_copy.cpython-310.pyc
[1.069s] byte-compiling /home/csrobot/workspaces/ur_gazebo/src/install/my_moveit_pkg/lib/python3.10/site-packages/my_moveit_pkg/ur5_arm_test.py to ur5_arm_test.cpython-310.pyc
[1.069s] byte-compiling /home/csrobot/workspaces/ur_gazebo/src/install/my_moveit_pkg/lib/python3.10/site-packages/my_moveit_pkg/__init__.py to __init__.cpython-310.pyc
[1.070s] byte-compiling /home/csrobot/workspaces/ur_gazebo/src/install/my_moveit_pkg/lib/python3.10/site-packages/my_moveit_pkg/publisher_testing.py to publisher_testing.cpython-310.pyc
[1.070s] running install_data
[1.070s] creating /home/csrobot/workspaces/ur_gazebo/src/install/my_moveit_pkg/share/ament_index
[1.070s] creating /home/csrobot/workspaces/ur_gazebo/src/install/my_moveit_pkg/share/ament_index/resource_index
[1.070s] creating /home/csrobot/workspaces/ur_gazebo/src/install/my_moveit_pkg/share/ament_index/resource_index/packages
[1.070s] copying resource/my_moveit_pkg -> /home/csrobot/workspaces/ur_gazebo/src/install/my_moveit_pkg/share/ament_index/resource_index/packages
[1.070s] copying package.xml -> /home/csrobot/workspaces/ur_gazebo/src/install/my_moveit_pkg/share/my_moveit_pkg
[1.070s] creating /home/csrobot/workspaces/ur_gazebo/src/install/my_moveit_pkg/share/my_moveit_pkg/launch
[1.070s] copying launch/ur5_arm_test.launch.py -> /home/csrobot/workspaces/ur_gazebo/src/install/my_moveit_pkg/share/my_moveit_pkg/launch
[1.071s] creating /home/csrobot/workspaces/ur_gazebo/src/install/my_moveit_pkg/share/my_moveit_pkg/config
[1.071s] copying config/ur5_arm_test_goal_config.yaml -> /home/csrobot/workspaces/ur_gazebo/src/install/my_moveit_pkg/share/my_moveit_pkg/config
[1.071s] running install_egg_info
[1.072s] Copying ../build/my_moveit_pkg/my_moveit_pkg.egg-info to /home/csrobot/workspaces/ur_gazebo/src/install/my_moveit_pkg/lib/python3.10/site-packages/my_moveit_pkg-2.35.0-py3.10.egg-info
[1.073s] running install_scripts
[1.095s] Installing publisher_testing script to /home/csrobot/workspaces/ur_gazebo/src/install/my_moveit_pkg/lib/my_moveit_pkg
[1.095s] Installing ur5_arm_test script to /home/csrobot/workspaces/ur_gazebo/src/install/my_moveit_pkg/lib/my_moveit_pkg
[1.096s] writing list of installed files to '/home/csrobot/workspaces/ur_gazebo/src/build/my_moveit_pkg/install.log'
[1.115s] Invoked command in '/home/csrobot/workspaces/ur_gazebo/src/my_moveit_pkg' returned '0': PYTHONPATH=/home/csrobot/workspaces/ur_gazebo/src/build/my_moveit_pkg/prefix_override:/usr/lib/python3/dist-packages/colcon_core/task/python/colcon_distutils_commands:/home/csrobot/workspaces/ur_gazebo/src/install/my_moveit_pkg/lib/python3.10/site-packages:${PYTHONPATH} /usr/bin/python3 -W ignore:setup.py install is deprecated setup.py egg_info --egg-base ../build/my_moveit_pkg build --build-base /home/csrobot/workspaces/ur_gazebo/src/build/my_moveit_pkg/build install --record /home/csrobot/workspaces/ur_gazebo/src/build/my_moveit_pkg/install.log --single-version-externally-managed install_data
