/home/csrobot/workspaces/ur_gazebo/src/install/my_moveit_pkg/lib/python3.10/site-packages/my_moveit_pkg/ur5_arm_test_copy.py
/home/csrobot/workspaces/ur_gazebo/src/install/my_moveit_pkg/lib/python3.10/site-packages/my_moveit_pkg/ur5_arm_test.py
/home/csrobot/workspaces/ur_gazebo/src/install/my_moveit_pkg/lib/python3.10/site-packages/my_moveit_pkg/__init__.py
/home/csrobot/workspaces/ur_gazebo/src/install/my_moveit_pkg/lib/python3.10/site-packages/my_moveit_pkg/publisher_testing.py
/home/csrobot/workspaces/ur_gazebo/src/install/my_moveit_pkg/lib/python3.10/site-packages/my_moveit_pkg/__pycache__/ur5_arm_test_copy.cpython-310.pyc
/home/csrobot/workspaces/ur_gazebo/src/install/my_moveit_pkg/lib/python3.10/site-packages/my_moveit_pkg/__pycache__/ur5_arm_test.cpython-310.pyc
/home/csrobot/workspaces/ur_gazebo/src/install/my_moveit_pkg/lib/python3.10/site-packages/my_moveit_pkg/__pycache__/__init__.cpython-310.pyc
/home/csrobot/workspaces/ur_gazebo/src/install/my_moveit_pkg/lib/python3.10/site-packages/my_moveit_pkg/__pycache__/publisher_testing.cpython-310.pyc
/home/csrobot/workspaces/ur_gazebo/src/install/my_moveit_pkg/share/ament_index/resource_index/packages/my_moveit_pkg
/home/csrobot/workspaces/ur_gazebo/src/install/my_moveit_pkg/share/my_moveit_pkg/package.xml
/home/csrobot/workspaces/ur_gazebo/src/install/my_moveit_pkg/share/my_moveit_pkg/launch/ur5_arm_test.launch.py
/home/csrobot/workspaces/ur_gazebo/src/install/my_moveit_pkg/share/my_moveit_pkg/config/ur5_arm_test_goal_config.yaml
/home/csrobot/workspaces/ur_gazebo/src/install/my_moveit_pkg/lib/python3.10/site-packages/my_moveit_pkg-2.35.0-py3.10.egg-info/PKG-INFO
/home/csrobot/workspaces/ur_gazebo/src/install/my_moveit_pkg/lib/python3.10/site-packages/my_moveit_pkg-2.35.0-py3.10.egg-info/top_level.txt
/home/csrobot/workspaces/ur_gazebo/src/install/my_moveit_pkg/lib/python3.10/site-packages/my_moveit_pkg-2.35.0-py3.10.egg-info/requires.txt
/home/csrobot/workspaces/ur_gazebo/src/install/my_moveit_pkg/lib/python3.10/site-packages/my_moveit_pkg-2.35.0-py3.10.egg-info/dependency_links.txt
/home/csrobot/workspaces/ur_gazebo/src/install/my_moveit_pkg/lib/python3.10/site-packages/my_moveit_pkg-2.35.0-py3.10.egg-info/zip-safe
/home/csrobot/workspaces/ur_gazebo/src/install/my_moveit_pkg/lib/python3.10/site-packages/my_moveit_pkg-2.35.0-py3.10.egg-info/entry_points.txt
/home/csrobot/workspaces/ur_gazebo/src/install/my_moveit_pkg/lib/python3.10/site-packages/my_moveit_pkg-2.35.0-py3.10.egg-info/SOURCES.txt
/home/csrobot/workspaces/ur_gazebo/src/install/my_moveit_pkg/lib/my_moveit_pkg/publisher_testing
/home/csrobot/workspaces/ur_gazebo/src/install/my_moveit_pkg/lib/my_moveit_pkg/ur5_arm_test
