running egg_info
creating ../build/tf_broadcaster/tf_broadcaster.egg-info
writing ../build/tf_broadcaster/tf_broadcaster.egg-info/PKG-INFO
writing dependency_links to ../build/tf_broadcaster/tf_broadcaster.egg-info/dependency_links.txt
writing entry points to ../build/tf_broadcaster/tf_broadcaster.egg-info/entry_points.txt
writing requirements to ../build/tf_broadcaster/tf_broadcaster.egg-info/requires.txt
writing top-level names to ../build/tf_broadcaster/tf_broadcaster.egg-info/top_level.txt
writing manifest file '../build/tf_broadcaster/tf_broadcaster.egg-info/SOURCES.txt'
reading manifest file '../build/tf_broadcaster/tf_broadcaster.egg-info/SOURCES.txt'
writing manifest file '../build/tf_broadcaster/tf_broadcaster.egg-info/SOURCES.txt'
running build
running build_py
creating /home/csrobot/workspaces/ur_gazebo/src/build/tf_broadcaster/build
creating /home/csrobot/workspaces/ur_gazebo/src/build/tf_broadcaster/build/lib
creating /home/csrobot/workspaces/ur_gazebo/src/build/tf_broadcaster/build/lib/tf_broadcaster
copying tf_broadcaster/__init__.py -> /home/csrobot/workspaces/ur_gazebo/src/build/tf_broadcaster/build/lib/tf_broadcaster
running install
running install_lib
creating /home/csrobot/workspaces/ur_gazebo/src/install/tf_broadcaster/lib/python3.10/site-packages/tf_broadcaster
copying /home/csrobot/workspaces/ur_gazebo/src/build/tf_broadcaster/build/lib/tf_broadcaster/__init__.py -> /home/csrobot/workspaces/ur_gazebo/src/install/tf_broadcaster/lib/python3.10/site-packages/tf_broadcaster
byte-compiling /home/csrobot/workspaces/ur_gazebo/src/install/tf_broadcaster/lib/python3.10/site-packages/tf_broadcaster/__init__.py to __init__.cpython-310.pyc
running install_data
creating /home/csrobot/workspaces/ur_gazebo/src/install/tf_broadcaster/share/ament_index
creating /home/csrobot/workspaces/ur_gazebo/src/install/tf_broadcaster/share/ament_index/resource_index
creating /home/csrobot/workspaces/ur_gazebo/src/install/tf_broadcaster/share/ament_index/resource_index/packages
copying resource/tf_broadcaster -> /home/csrobot/workspaces/ur_gazebo/src/install/tf_broadcaster/share/ament_index/resource_index/packages
copying package.xml -> /home/csrobot/workspaces/ur_gazebo/src/install/tf_broadcaster/share/tf_broadcaster
running install_egg_info
Copying ../build/tf_broadcaster/tf_broadcaster.egg-info to /home/csrobot/workspaces/ur_gazebo/src/install/tf_broadcaster/lib/python3.10/site-packages/tf_broadcaster-0.0.0-py3.10.egg-info
running install_scripts
writing list of installed files to '/home/csrobot/workspaces/ur_gazebo/src/build/tf_broadcaster/install.log'
