[0.789s] Invoking command in '/home/csrobot/workspaces/ur_gazebo/src/tf_broadcaster': PYTHONPATH=/home/csrobot/workspaces/ur_gazebo/src/build/tf_broadcaster/prefix_override:/usr/lib/python3/dist-packages/colcon_core/task/python/colcon_distutils_commands:/home/csrobot/workspaces/ur_gazebo/src/install/tf_broadcaster/lib/python3.10/site-packages:${PYTHONPATH} /usr/bin/python3 -W ignore:setup.py install is deprecated setup.py egg_info --egg-base ../build/tf_broadcaster build --build-base /home/csrobot/workspaces/ur_gazebo/src/build/tf_broadcaster/build install --record /home/csrobot/workspaces/ur_gazebo/src/build/tf_broadcaster/install.log --single-version-externally-managed install_data
[1.003s] running egg_info
[1.004s] creating ../build/tf_broadcaster/tf_broadcaster.egg-info
[1.004s] writing ../build/tf_broadcaster/tf_broadcaster.egg-info/PKG-INFO
[1.004s] writing dependency_links to ../build/tf_broadcaster/tf_broadcaster.egg-info/dependency_links.txt
[1.004s] writing entry points to ../build/tf_broadcaster/tf_broadcaster.egg-info/entry_points.txt
[1.004s] writing requirements to ../build/tf_broadcaster/tf_broadcaster.egg-info/requires.txt
[1.004s] writing top-level names to ../build/tf_broadcaster/tf_broadcaster.egg-info/top_level.txt
[1.005s] writing manifest file '../build/tf_broadcaster/tf_broadcaster.egg-info/SOURCES.txt'
[1.006s] reading manifest file '../build/tf_broadcaster/tf_broadcaster.egg-info/SOURCES.txt'
[1.007s] writing manifest file '../build/tf_broadcaster/tf_broadcaster.egg-info/SOURCES.txt'
[1.007s] running build
[1.007s] running build_py
[1.007s] creating /home/csrobot/workspaces/ur_gazebo/src/build/tf_broadcaster/build
[1.007s] creating /home/csrobot/workspaces/ur_gazebo/src/build/tf_broadcaster/build/lib
[1.007s] creating /home/csrobot/workspaces/ur_gazebo/src/build/tf_broadcaster/build/lib/tf_broadcaster
[1.007s] copying tf_broadcaster/__init__.py -> /home/csrobot/workspaces/ur_gazebo/src/build/tf_broadcaster/build/lib/tf_broadcaster
[1.007s] running install
[1.008s] running install_lib
[1.008s] creating /home/csrobot/workspaces/ur_gazebo/src/install/tf_broadcaster/lib/python3.10/site-packages/tf_broadcaster
[1.008s] copying /home/csrobot/workspaces/ur_gazebo/src/build/tf_broadcaster/build/lib/tf_broadcaster/__init__.py -> /home/csrobot/workspaces/ur_gazebo/src/install/tf_broadcaster/lib/python3.10/site-packages/tf_broadcaster
[1.009s] byte-compiling /home/csrobot/workspaces/ur_gazebo/src/install/tf_broadcaster/lib/python3.10/site-packages/tf_broadcaster/__init__.py to __init__.cpython-310.pyc
[1.009s] running install_data
[1.009s] creating /home/csrobot/workspaces/ur_gazebo/src/install/tf_broadcaster/share/ament_index
[1.009s] creating /home/csrobot/workspaces/ur_gazebo/src/install/tf_broadcaster/share/ament_index/resource_index
[1.009s] creating /home/csrobot/workspaces/ur_gazebo/src/install/tf_broadcaster/share/ament_index/resource_index/packages
[1.009s] copying resource/tf_broadcaster -> /home/csrobot/workspaces/ur_gazebo/src/install/tf_broadcaster/share/ament_index/resource_index/packages
[1.009s] copying package.xml -> /home/csrobot/workspaces/ur_gazebo/src/install/tf_broadcaster/share/tf_broadcaster
[1.009s] running install_egg_info
[1.011s] Copying ../build/tf_broadcaster/tf_broadcaster.egg-info to /home/csrobot/workspaces/ur_gazebo/src/install/tf_broadcaster/lib/python3.10/site-packages/tf_broadcaster-0.0.0-py3.10.egg-info
[1.011s] running install_scripts
[1.029s] writing list of installed files to '/home/csrobot/workspaces/ur_gazebo/src/build/tf_broadcaster/install.log'
[1.049s] Invoked command in '/home/csrobot/workspaces/ur_gazebo/src/tf_broadcaster' returned '0': PYTHONPATH=/home/csrobot/workspaces/ur_gazebo/src/build/tf_broadcaster/prefix_override:/usr/lib/python3/dist-packages/colcon_core/task/python/colcon_distutils_commands:/home/csrobot/workspaces/ur_gazebo/src/install/tf_broadcaster/lib/python3.10/site-packages:${PYTHONPATH} /usr/bin/python3 -W ignore:setup.py install is deprecated setup.py egg_info --egg-base ../build/tf_broadcaster build --build-base /home/csrobot/workspaces/ur_gazebo/src/build/tf_broadcaster/build install --record /home/csrobot/workspaces/ur_gazebo/src/build/tf_broadcaster/install.log --single-version-externally-managed install_data
