[0.019s] Invoking command in '/home/csrobot/workspaces/ur_gazebo/src/build/ur_robot_driver': AMENT_PREFIX_PATH=/home/csrobot/workspaces/ur_gazebo/src/install/ur_controllers:/home/csrobot/workspaces/ur_gazebo/src/install/ur_description:/home/csrobot/workspaces/ur_gazebo/src/install/ur_dashboard_msgs:${AMENT_PREFIX_PATH} CMAKE_PREFIX_PATH=/home/csrobot/workspaces/ur_gazebo/src/install/ur_controllers:/home/csrobot/workspaces/ur_gazebo/src/install/ur_description:/home/csrobot/workspaces/ur_gazebo/src/install/ur_dashboard_msgs:/home/csrobot/workspaces/moveit_workspace/install/pilz_industrial_motion_planner_testutils:/home/csrobot/workspaces/moveit_workspace/install/moveit_runtime:/home/csrobot/workspaces/moveit_workspace/install/moveit:/home/csrobot/workspaces/moveit_workspace/install/moveit_planners:/home/csrobot/workspaces/moveit_workspace/install/pilz_industrial_motion_planner:/home/csrobot/workspaces/moveit_workspace/install/moveit_ros_control_interface:/home/csrobot/workspaces/moveit_workspace/install/moveit_plugins:/home/csrobot/workspaces/moveit_workspace/install/moveit_simple_controller_manager:/home/csrobot/workspaces/moveit_workspace/install/moveit_setup_assistant:/home/csrobot/workspaces/moveit_workspace/install/moveit_setup_srdf_plugins:/home/csrobot/workspaces/moveit_workspace/install/moveit_setup_core_plugins:/home/csrobot/workspaces/moveit_workspace/install/moveit_setup_controllers:/home/csrobot/workspaces/moveit_workspace/install/moveit_setup_app_plugins:/home/csrobot/workspaces/moveit_workspace/install/moveit_setup_framework:/home/csrobot/workspaces/moveit_workspace/install/moveit_servo:/home/csrobot/workspaces/moveit_workspace/install/moveit_ros:/home/csrobot/workspaces/moveit_workspace/install/moveit_ros_visualization:/home/csrobot/workspaces/moveit_workspace/install/moveit_py:/home/csrobot/workspaces/moveit_workspace/install/moveit_hybrid_planning:/home/csrobot/workspaces/moveit_workspace/install/moveit_ros_planning_interface:/home/csrobot/workspaces/moveit_workspace/install/moveit_ros_benchmarks:/home/csrobot/workspaces/moveit_workspace/install/moveit_ros_warehouse:/home/csrobot/workspaces/moveit_workspace/install/moveit_ros_robot_interaction:/home/csrobot/workspaces/moveit_workspace/install/moveit_ros_perception:/home/csrobot/workspaces/moveit_workspace/install/moveit_resources_prbt_pg70_support:/home/csrobot/workspaces/moveit_workspace/install/moveit_resources_prbt_moveit_config:/home/csrobot/workspaces/moveit_workspace/install/moveit_ros_move_group:/home/csrobot/workspaces/moveit_workspace/install/moveit_planners_ompl:/home/csrobot/workspaces/moveit_workspace/install/moveit_kinematics:/home/csrobot/workspaces/moveit_workspace/install/moveit_ros_planning:/home/csrobot/workspaces/moveit_workspace/install/moveit_ros_occupancy_map_monitor:/home/csrobot/workspaces/moveit_workspace/install/moveit_resources_prbt_support:/home/csrobot/workspaces/moveit_workspace/install/moveit_resources_prbt_ikfast_manipulator_plugin:/home/csrobot/workspaces/moveit_workspace/install/moveit_resources:/home/csrobot/workspaces/moveit_workspace/install/moveit_resources_pr2_description:/home/csrobot/workspaces/moveit_workspace/install/moveit_resources_panda_moveit_config:/home/csrobot/workspaces/moveit_workspace/install/dual_arm_panda_moveit_config:/home/csrobot/workspaces/moveit_workspace/install/moveit_resources_panda_description:/home/csrobot/workspaces/moveit_workspace/install/moveit_resources_fanuc_moveit_config:/home/csrobot/workspaces/moveit_workspace/install/moveit_resources_fanuc_description:/home/csrobot/workspaces/moveit_workspace/install/moveit_planners_stomp:/home/csrobot/workspaces/moveit_workspace/install/moveit_planners_chomp:/home/csrobot/workspaces/moveit_workspace/install/chomp_motion_planner:/home/csrobot/workspaces/moveit_workspace/install/moveit_core:/home/csrobot/workspaces/moveit_workspace/install/moveit_msgs:/home/csrobot/workspaces/moveit_workspace/install/moveit_common:/home/csrobot/workspaces/moveit_workspace/install/moveit_configs_utils:/opt/ros/humble LD_LIBRARY_PATH=/home/csrobot/workspaces/ur_gazebo/src/install/ur_controllers/lib:/home/csrobot/workspaces/ur_gazebo/src/install/ur_dashboard_msgs/lib:${LD_LIBRARY_PATH} PYTHONPATH=/home/csrobot/workspaces/ur_gazebo/src/install/ur_dashboard_msgs/local/lib/python3.10/dist-packages:${PYTHONPATH} /usr/bin/cmake /home/csrobot/workspaces/ur_gazebo/src/Universal_Robots_ROS2_Driver/ur_robot_driver -DCMAKE_INSTALL_PREFIX=/home/csrobot/workspaces/ur_gazebo/src/install/ur_robot_driver
[0.086s] -- The C compiler identification is GNU 11.4.0
[0.144s] -- The CXX compiler identification is GNU 11.4.0
[0.152s] -- Detecting C compiler ABI info
[0.242s] -- Detecting C compiler ABI info - done
[0.249s] -- Check for working C compiler: /usr/bin/cc - skipped
[0.249s] -- Detecting C compile features
[0.249s] -- Detecting C compile features - done
[0.252s] -- Detecting CXX compiler ABI info
[0.352s] -- Detecting CXX compiler ABI info - done
[0.359s] -- Check for working CXX compiler: /usr/bin/c++ - skipped
[0.359s] -- Detecting CXX compile features
[0.360s] -- Detecting CXX compile features - done
[0.360s] [0mur_robot_driver: You did not request a specific build type: selecting 'RelWithDebInfo'.[0m
[0.368s] -- Found ament_cmake: 1.3.9 (/opt/ros/humble/share/ament_cmake/cmake)
[0.523s] -- Found Python3: /usr/bin/python3 (found version "3.10.12") found components: Interpreter 
[0.689s] -- Found backward_ros: 1.0.2 (/opt/ros/humble/share/backward_ros/cmake)
[0.700s] -- Found libdw: /usr/lib/x86_64-linux-gnu/libdw.so  
[0.708s] -- Could NOT find libbfd (missing: LIBBFD_LIBRARY LIBBFD_INCLUDE_DIR) 
[0.708s] -- BACKWARD_HAS_UNWIND=1
[0.708s] -- BACKWARD_HAS_BACKTRACE=0
[0.708s] -- BACKWARD_HAS_BACKTRACE_SYMBOL=0
[0.708s] -- BACKWARD_HAS_DW=1
[0.708s] -- BACKWARD_HAS_BFD=0
[0.709s] -- Found Backward: /opt/ros/humble/share/backward_ros/cmake  
[0.716s] -- Found controller_manager: 2.41.0 (/opt/ros/humble/share/controller_manager/cmake)
[0.841s] -- Found rosidl_generator_c: 3.1.5 (/opt/ros/humble/share/rosidl_generator_c/cmake)
[0.858s] -- Found rosidl_adapter: 3.1.5 (/opt/ros/humble/share/rosidl_adapter/cmake)
[0.880s] -- Found rosidl_generator_cpp: 3.1.5 (/opt/ros/humble/share/rosidl_generator_cpp/cmake)
[0.907s] -- Using all available rosidl_typesupport_c: rosidl_typesupport_fastrtps_c;rosidl_typesupport_introspection_c
[0.944s] -- Using all available rosidl_typesupport_cpp: rosidl_typesupport_fastrtps_cpp;rosidl_typesupport_introspection_cpp
[1.711s] -- Found rmw_implementation_cmake: 6.1.2 (/opt/ros/humble/share/rmw_implementation_cmake/cmake)
[1.721s] -- Found rmw_fastrtps_cpp: 6.2.6 (/opt/ros/humble/share/rmw_fastrtps_cpp/cmake)
[1.785s] -- Found TinyXML2 via Config file: TinyXML2_DIR-NOTFOUND
[1.879s] -- Found OpenSSL: /usr/lib/x86_64-linux-gnu/libcrypto.so (found version "3.0.2")  
[1.882s] -- Found TinyXML2 via Config file: TinyXML2_DIR-NOTFOUND
[1.895s] -- Found FastRTPS: /opt/ros/humble/include  
[1.903s] -- Found TinyXML2 via Config file: TinyXML2_DIR-NOTFOUND
[1.914s] -- Found TinyXML2 via Config file: TinyXML2_DIR-NOTFOUND
[1.927s] -- Using RMW implementation 'rmw_fastrtps_cpp' as default
[1.953s] -- Looking for pthread.h
[2.065s] -- Looking for pthread.h - found
[2.065s] -- Performing Test CMAKE_HAVE_LIBC_PTHREAD
[2.178s] -- Performing Test CMAKE_HAVE_LIBC_PTHREAD - Success
[2.179s] -- Found Threads: TRUE  
[2.769s] -- Found rclpy: 3.3.13 (/opt/ros/humble/share/rclpy/cmake)
[2.776s] -- Found std_srvs: 4.2.4 (/opt/ros/humble/share/std_srvs/cmake)
[2.798s] -- Found tf2_geometry_msgs: 0.25.7 (/opt/ros/humble/share/tf2_geometry_msgs/cmake)
[2.837s] -- Found eigen3_cmake_module: 0.1.1 (/opt/ros/humble/share/eigen3_cmake_module/cmake)
[2.839s] -- Found Eigen3: TRUE (found version "3.4.0") 
[2.839s] -- Ensuring Eigen3 include directory is part of orocos-kdl CMake target
[3.111s] -- Found ur_dashboard_msgs: 2.2.13 (/home/csrobot/workspaces/ur_gazebo/src/install/ur_dashboard_msgs/share/ur_dashboard_msgs/cmake)
[5.181s] -- Found ur_controllers: 2.2.13 (/home/csrobot/workspaces/ur_gazebo/src/install/ur_controllers/share/ur_controllers/cmake)
[5.340s] -- Found parameter_traits: 0.3.8 (/opt/ros/humble/share/parameter_traits/cmake)
[6.012s] -- Found ur_description: 2.1.5 (/home/csrobot/workspaces/ur_gazebo/src/install/ur_description/share/ur_description/cmake)
[6.019s] -- Found launch_testing_ament_cmake: 1.0.6 (/opt/ros/humble/share/launch_testing_ament_cmake/cmake)
[6.027s] -- Found python_cmake_module: 0.10.0 (/opt/ros/humble/share/python_cmake_module/cmake)
[6.048s] -- Found PythonInterp: /usr/bin/python3 (found suitable version "3.10.12", minimum required is "3.6") 
[6.056s] -- Found PythonLibs: /usr/lib/x86_64-linux-gnu/libpython3.10.so (found suitable version "3.10.12", minimum required is "3.5") 
[6.056s] -- Using PYTHON_EXECUTABLE: /usr/bin/python3
[6.056s] -- Using PYTHON_INCLUDE_DIRS: /usr/include/python3.10
[6.056s] -- Using PYTHON_LIBRARIES: /usr/lib/x86_64-linux-gnu/libpython3.10.so
[6.078s] -- Found PythonExtra: .so  
[6.079s] -- Configuring done
[6.198s] -- Generating done
[6.201s] -- Build files have been written to: /home/csrobot/workspaces/ur_gazebo/src/build/ur_robot_driver
[6.211s] Invoked command in '/home/csrobot/workspaces/ur_gazebo/src/build/ur_robot_driver' returned '0': AMENT_PREFIX_PATH=/home/csrobot/workspaces/ur_gazebo/src/install/ur_controllers:/home/csrobot/workspaces/ur_gazebo/src/install/ur_description:/home/csrobot/workspaces/ur_gazebo/src/install/ur_dashboard_msgs:${AMENT_PREFIX_PATH} CMAKE_PREFIX_PATH=/home/csrobot/workspaces/ur_gazebo/src/install/ur_controllers:/home/csrobot/workspaces/ur_gazebo/src/install/ur_description:/home/csrobot/workspaces/ur_gazebo/src/install/ur_dashboard_msgs:/home/csrobot/workspaces/moveit_workspace/install/pilz_industrial_motion_planner_testutils:/home/csrobot/workspaces/moveit_workspace/install/moveit_runtime:/home/csrobot/workspaces/moveit_workspace/install/moveit:/home/csrobot/workspaces/moveit_workspace/install/moveit_planners:/home/csrobot/workspaces/moveit_workspace/install/pilz_industrial_motion_planner:/home/csrobot/workspaces/moveit_workspace/install/moveit_ros_control_interface:/home/csrobot/workspaces/moveit_workspace/install/moveit_plugins:/home/csrobot/workspaces/moveit_workspace/install/moveit_simple_controller_manager:/home/csrobot/workspaces/moveit_workspace/install/moveit_setup_assistant:/home/csrobot/workspaces/moveit_workspace/install/moveit_setup_srdf_plugins:/home/csrobot/workspaces/moveit_workspace/install/moveit_setup_core_plugins:/home/csrobot/workspaces/moveit_workspace/install/moveit_setup_controllers:/home/csrobot/workspaces/moveit_workspace/install/moveit_setup_app_plugins:/home/csrobot/workspaces/moveit_workspace/install/moveit_setup_framework:/home/csrobot/workspaces/moveit_workspace/install/moveit_servo:/home/csrobot/workspaces/moveit_workspace/install/moveit_ros:/home/csrobot/workspaces/moveit_workspace/install/moveit_ros_visualization:/home/csrobot/workspaces/moveit_workspace/install/moveit_py:/home/csrobot/workspaces/moveit_workspace/install/moveit_hybrid_planning:/home/csrobot/workspaces/moveit_workspace/install/moveit_ros_planning_interface:/home/csrobot/workspaces/moveit_workspace/install/moveit_ros_benchmarks:/home/csrobot/workspaces/moveit_workspace/install/moveit_ros_warehouse:/home/csrobot/workspaces/moveit_workspace/install/moveit_ros_robot_interaction:/home/csrobot/workspaces/moveit_workspace/install/moveit_ros_perception:/home/csrobot/workspaces/moveit_workspace/install/moveit_resources_prbt_pg70_support:/home/csrobot/workspaces/moveit_workspace/install/moveit_resources_prbt_moveit_config:/home/csrobot/workspaces/moveit_workspace/install/moveit_ros_move_group:/home/csrobot/workspaces/moveit_workspace/install/moveit_planners_ompl:/home/csrobot/workspaces/moveit_workspace/install/moveit_kinematics:/home/csrobot/workspaces/moveit_workspace/install/moveit_ros_planning:/home/csrobot/workspaces/moveit_workspace/install/moveit_ros_occupancy_map_monitor:/home/csrobot/workspaces/moveit_workspace/install/moveit_resources_prbt_support:/home/csrobot/workspaces/moveit_workspace/install/moveit_resources_prbt_ikfast_manipulator_plugin:/home/csrobot/workspaces/moveit_workspace/install/moveit_resources:/home/csrobot/workspaces/moveit_workspace/install/moveit_resources_pr2_description:/home/csrobot/workspaces/moveit_workspace/install/moveit_resources_panda_moveit_config:/home/csrobot/workspaces/moveit_workspace/install/dual_arm_panda_moveit_config:/home/csrobot/workspaces/moveit_workspace/install/moveit_resources_panda_description:/home/csrobot/workspaces/moveit_workspace/install/moveit_resources_fanuc_moveit_config:/home/csrobot/workspaces/moveit_workspace/install/moveit_resources_fanuc_description:/home/csrobot/workspaces/moveit_workspace/install/moveit_planners_stomp:/home/csrobot/workspaces/moveit_workspace/install/moveit_planners_chomp:/home/csrobot/workspaces/moveit_workspace/install/chomp_motion_planner:/home/csrobot/workspaces/moveit_workspace/install/moveit_core:/home/csrobot/workspaces/moveit_workspace/install/moveit_msgs:/home/csrobot/workspaces/moveit_workspace/install/moveit_common:/home/csrobot/workspaces/moveit_workspace/install/moveit_configs_utils:/opt/ros/humble LD_LIBRARY_PATH=/home/csrobot/workspaces/ur_gazebo/src/install/ur_controllers/lib:/home/csrobot/workspaces/ur_gazebo/src/install/ur_dashboard_msgs/lib:${LD_LIBRARY_PATH} PYTHONPATH=/home/csrobot/workspaces/ur_gazebo/src/install/ur_dashboard_msgs/local/lib/python3.10/dist-packages:${PYTHONPATH} /usr/bin/cmake /home/csrobot/workspaces/ur_gazebo/src/Universal_Robots_ROS2_Driver/ur_robot_driver -DCMAKE_INSTALL_PREFIX=/home/csrobot/workspaces/ur_gazebo/src/install/ur_robot_driver
[6.213s] Invoking command in '/home/csrobot/workspaces/ur_gazebo/src/build/ur_robot_driver': AMENT_PREFIX_PATH=/home/csrobot/workspaces/ur_gazebo/src/install/ur_controllers:/home/csrobot/workspaces/ur_gazebo/src/install/ur_description:/home/csrobot/workspaces/ur_gazebo/src/install/ur_dashboard_msgs:${AMENT_PREFIX_PATH} CMAKE_PREFIX_PATH=/home/csrobot/workspaces/ur_gazebo/src/install/ur_controllers:/home/csrobot/workspaces/ur_gazebo/src/install/ur_description:/home/csrobot/workspaces/ur_gazebo/src/install/ur_dashboard_msgs:/home/csrobot/workspaces/moveit_workspace/install/pilz_industrial_motion_planner_testutils:/home/csrobot/workspaces/moveit_workspace/install/moveit_runtime:/home/csrobot/workspaces/moveit_workspace/install/moveit:/home/csrobot/workspaces/moveit_workspace/install/moveit_planners:/home/csrobot/workspaces/moveit_workspace/install/pilz_industrial_motion_planner:/home/csrobot/workspaces/moveit_workspace/install/moveit_ros_control_interface:/home/csrobot/workspaces/moveit_workspace/install/moveit_plugins:/home/csrobot/workspaces/moveit_workspace/install/moveit_simple_controller_manager:/home/csrobot/workspaces/moveit_workspace/install/moveit_setup_assistant:/home/csrobot/workspaces/moveit_workspace/install/moveit_setup_srdf_plugins:/home/csrobot/workspaces/moveit_workspace/install/moveit_setup_core_plugins:/home/csrobot/workspaces/moveit_workspace/install/moveit_setup_controllers:/home/csrobot/workspaces/moveit_workspace/install/moveit_setup_app_plugins:/home/csrobot/workspaces/moveit_workspace/install/moveit_setup_framework:/home/csrobot/workspaces/moveit_workspace/install/moveit_servo:/home/csrobot/workspaces/moveit_workspace/install/moveit_ros:/home/csrobot/workspaces/moveit_workspace/install/moveit_ros_visualization:/home/csrobot/workspaces/moveit_workspace/install/moveit_py:/home/csrobot/workspaces/moveit_workspace/install/moveit_hybrid_planning:/home/csrobot/workspaces/moveit_workspace/install/moveit_ros_planning_interface:/home/csrobot/workspaces/moveit_workspace/install/moveit_ros_benchmarks:/home/csrobot/workspaces/moveit_workspace/install/moveit_ros_warehouse:/home/csrobot/workspaces/moveit_workspace/install/moveit_ros_robot_interaction:/home/csrobot/workspaces/moveit_workspace/install/moveit_ros_perception:/home/csrobot/workspaces/moveit_workspace/install/moveit_resources_prbt_pg70_support:/home/csrobot/workspaces/moveit_workspace/install/moveit_resources_prbt_moveit_config:/home/csrobot/workspaces/moveit_workspace/install/moveit_ros_move_group:/home/csrobot/workspaces/moveit_workspace/install/moveit_planners_ompl:/home/csrobot/workspaces/moveit_workspace/install/moveit_kinematics:/home/csrobot/workspaces/moveit_workspace/install/moveit_ros_planning:/home/csrobot/workspaces/moveit_workspace/install/moveit_ros_occupancy_map_monitor:/home/csrobot/workspaces/moveit_workspace/install/moveit_resources_prbt_support:/home/csrobot/workspaces/moveit_workspace/install/moveit_resources_prbt_ikfast_manipulator_plugin:/home/csrobot/workspaces/moveit_workspace/install/moveit_resources:/home/csrobot/workspaces/moveit_workspace/install/moveit_resources_pr2_description:/home/csrobot/workspaces/moveit_workspace/install/moveit_resources_panda_moveit_config:/home/csrobot/workspaces/moveit_workspace/install/dual_arm_panda_moveit_config:/home/csrobot/workspaces/moveit_workspace/install/moveit_resources_panda_description:/home/csrobot/workspaces/moveit_workspace/install/moveit_resources_fanuc_moveit_config:/home/csrobot/workspaces/moveit_workspace/install/moveit_resources_fanuc_description:/home/csrobot/workspaces/moveit_workspace/install/moveit_planners_stomp:/home/csrobot/workspaces/moveit_workspace/install/moveit_planners_chomp:/home/csrobot/workspaces/moveit_workspace/install/chomp_motion_planner:/home/csrobot/workspaces/moveit_workspace/install/moveit_core:/home/csrobot/workspaces/moveit_workspace/install/moveit_msgs:/home/csrobot/workspaces/moveit_workspace/install/moveit_common:/home/csrobot/workspaces/moveit_workspace/install/moveit_configs_utils:/opt/ros/humble LD_LIBRARY_PATH=/home/csrobot/workspaces/ur_gazebo/src/install/ur_controllers/lib:/home/csrobot/workspaces/ur_gazebo/src/install/ur_dashboard_msgs/lib:${LD_LIBRARY_PATH} PYTHONPATH=/home/csrobot/workspaces/ur_gazebo/src/install/ur_dashboard_msgs/local/lib/python3.10/dist-packages:${PYTHONPATH} /usr/bin/cmake --build /home/csrobot/workspaces/ur_gazebo/src/build/ur_robot_driver -- -j12 -l12
[6.296s] [  6%] [32mBuilding CXX object CMakeFiles/dashboard_client.dir/src/dashboard_client_node.cpp.o[0m
[6.297s] [ 13%] [32mBuilding CXX object CMakeFiles/dashboard_client.dir/src/dashboard_client_ros.cpp.o[0m
[6.297s] [ 26%] [32mBuilding CXX object CMakeFiles/ur_ros2_control_node.dir/src/ur_ros2_control_node.cpp.o[0m
[6.297s] [ 33%] [32mBuilding CXX object CMakeFiles/ur_robot_driver_plugin.dir/src/urcl_log_handler.cpp.o[0m
[6.298s] [ 40%] [32mBuilding CXX object CMakeFiles/ur_robot_driver_plugin.dir/src/hardware_interface.cpp.o[0m
[6.298s] [ 46%] [32mBuilding CXX object CMakeFiles/controller_stopper_node.dir/src/controller_stopper.cpp.o[0m
[6.298s] [ 46%] [32mBuilding CXX object CMakeFiles/dashboard_client.dir/src/urcl_log_handler.cpp.o[0m
[6.299s] [ 53%] [32mBuilding CXX object CMakeFiles/controller_stopper_node.dir/src/controller_stopper_node.cpp.o[0m
[6.300s] [ 60%] [32mBuilding CXX object CMakeFiles/ur_robot_driver_plugin.dir/src/dashboard_client_ros.cpp.o[0m
[6.302s] [ 66%] [32mBuilding CXX object CMakeFiles/urscript_interface.dir/src/urscript_interface.cpp.o[0m
[6.318s] [ 66%] Built target ament_cmake_python_copy_ur_robot_driver
[6.684s] running egg_info
[6.684s] creating ur_robot_driver.egg-info
[6.684s] writing ur_robot_driver.egg-info/PKG-INFO
[6.685s] writing dependency_links to ur_robot_driver.egg-info/dependency_links.txt
[6.685s] writing top-level names to ur_robot_driver.egg-info/top_level.txt
[6.685s] writing manifest file 'ur_robot_driver.egg-info/SOURCES.txt'
[6.691s] reading manifest file 'ur_robot_driver.egg-info/SOURCES.txt'
[6.691s] writing manifest file 'ur_robot_driver.egg-info/SOURCES.txt'
[6.746s] [ 66%] Built target ament_cmake_python_build_ur_robot_driver_egg
[11.242s] [ 73%] [32m[1mLinking CXX executable ur_ros2_control_node[0m
[11.455s] [ 73%] Built target ur_ros2_control_node
[19.624s] [ 80%] [32m[1mLinking CXX executable urscript_interface[0m
[19.933s] [ 80%] Built target urscript_interface
[21.780s] [ 86%] [32m[1mLinking CXX executable controller_stopper_node[0m
[22.144s] [ 86%] Built target controller_stopper_node
[23.951s] [ 93%] [32m[1mLinking CXX shared library libur_robot_driver_plugin.so[0m
[24.320s] [ 93%] Built target ur_robot_driver_plugin
[24.373s] [100%] [32m[1mLinking CXX executable dashboard_client[0m
[24.721s] [100%] Built target dashboard_client
[24.738s] Invoked command in '/home/csrobot/workspaces/ur_gazebo/src/build/ur_robot_driver' returned '0': AMENT_PREFIX_PATH=/home/csrobot/workspaces/ur_gazebo/src/install/ur_controllers:/home/csrobot/workspaces/ur_gazebo/src/install/ur_description:/home/csrobot/workspaces/ur_gazebo/src/install/ur_dashboard_msgs:${AMENT_PREFIX_PATH} CMAKE_PREFIX_PATH=/home/csrobot/workspaces/ur_gazebo/src/install/ur_controllers:/home/csrobot/workspaces/ur_gazebo/src/install/ur_description:/home/csrobot/workspaces/ur_gazebo/src/install/ur_dashboard_msgs:/home/csrobot/workspaces/moveit_workspace/install/pilz_industrial_motion_planner_testutils:/home/csrobot/workspaces/moveit_workspace/install/moveit_runtime:/home/csrobot/workspaces/moveit_workspace/install/moveit:/home/csrobot/workspaces/moveit_workspace/install/moveit_planners:/home/csrobot/workspaces/moveit_workspace/install/pilz_industrial_motion_planner:/home/csrobot/workspaces/moveit_workspace/install/moveit_ros_control_interface:/home/csrobot/workspaces/moveit_workspace/install/moveit_plugins:/home/csrobot/workspaces/moveit_workspace/install/moveit_simple_controller_manager:/home/csrobot/workspaces/moveit_workspace/install/moveit_setup_assistant:/home/csrobot/workspaces/moveit_workspace/install/moveit_setup_srdf_plugins:/home/csrobot/workspaces/moveit_workspace/install/moveit_setup_core_plugins:/home/csrobot/workspaces/moveit_workspace/install/moveit_setup_controllers:/home/csrobot/workspaces/moveit_workspace/install/moveit_setup_app_plugins:/home/csrobot/workspaces/moveit_workspace/install/moveit_setup_framework:/home/csrobot/workspaces/moveit_workspace/install/moveit_servo:/home/csrobot/workspaces/moveit_workspace/install/moveit_ros:/home/csrobot/workspaces/moveit_workspace/install/moveit_ros_visualization:/home/csrobot/workspaces/moveit_workspace/install/moveit_py:/home/csrobot/workspaces/moveit_workspace/install/moveit_hybrid_planning:/home/csrobot/workspaces/moveit_workspace/install/moveit_ros_planning_interface:/home/csrobot/workspaces/moveit_workspace/install/moveit_ros_benchmarks:/home/csrobot/workspaces/moveit_workspace/install/moveit_ros_warehouse:/home/csrobot/workspaces/moveit_workspace/install/moveit_ros_robot_interaction:/home/csrobot/workspaces/moveit_workspace/install/moveit_ros_perception:/home/csrobot/workspaces/moveit_workspace/install/moveit_resources_prbt_pg70_support:/home/csrobot/workspaces/moveit_workspace/install/moveit_resources_prbt_moveit_config:/home/csrobot/workspaces/moveit_workspace/install/moveit_ros_move_group:/home/csrobot/workspaces/moveit_workspace/install/moveit_planners_ompl:/home/csrobot/workspaces/moveit_workspace/install/moveit_kinematics:/home/csrobot/workspaces/moveit_workspace/install/moveit_ros_planning:/home/csrobot/workspaces/moveit_workspace/install/moveit_ros_occupancy_map_monitor:/home/csrobot/workspaces/moveit_workspace/install/moveit_resources_prbt_support:/home/csrobot/workspaces/moveit_workspace/install/moveit_resources_prbt_ikfast_manipulator_plugin:/home/csrobot/workspaces/moveit_workspace/install/moveit_resources:/home/csrobot/workspaces/moveit_workspace/install/moveit_resources_pr2_description:/home/csrobot/workspaces/moveit_workspace/install/moveit_resources_panda_moveit_config:/home/csrobot/workspaces/moveit_workspace/install/dual_arm_panda_moveit_config:/home/csrobot/workspaces/moveit_workspace/install/moveit_resources_panda_description:/home/csrobot/workspaces/moveit_workspace/install/moveit_resources_fanuc_moveit_config:/home/csrobot/workspaces/moveit_workspace/install/moveit_resources_fanuc_description:/home/csrobot/workspaces/moveit_workspace/install/moveit_planners_stomp:/home/csrobot/workspaces/moveit_workspace/install/moveit_planners_chomp:/home/csrobot/workspaces/moveit_workspace/install/chomp_motion_planner:/home/csrobot/workspaces/moveit_workspace/install/moveit_core:/home/csrobot/workspaces/moveit_workspace/install/moveit_msgs:/home/csrobot/workspaces/moveit_workspace/install/moveit_common:/home/csrobot/workspaces/moveit_workspace/install/moveit_configs_utils:/opt/ros/humble LD_LIBRARY_PATH=/home/csrobot/workspaces/ur_gazebo/src/install/ur_controllers/lib:/home/csrobot/workspaces/ur_gazebo/src/install/ur_dashboard_msgs/lib:${LD_LIBRARY_PATH} PYTHONPATH=/home/csrobot/workspaces/ur_gazebo/src/install/ur_dashboard_msgs/local/lib/python3.10/dist-packages:${PYTHONPATH} /usr/bin/cmake --build /home/csrobot/workspaces/ur_gazebo/src/build/ur_robot_driver -- -j12 -l12
[24.837s] Invoking command in '/home/csrobot/workspaces/ur_gazebo/src/build/ur_robot_driver': AMENT_PREFIX_PATH=/home/csrobot/workspaces/ur_gazebo/src/install/ur_controllers:/home/csrobot/workspaces/ur_gazebo/src/install/ur_description:/home/csrobot/workspaces/ur_gazebo/src/install/ur_dashboard_msgs:${AMENT_PREFIX_PATH} CMAKE_PREFIX_PATH=/home/csrobot/workspaces/ur_gazebo/src/install/ur_controllers:/home/csrobot/workspaces/ur_gazebo/src/install/ur_description:/home/csrobot/workspaces/ur_gazebo/src/install/ur_dashboard_msgs:/home/csrobot/workspaces/moveit_workspace/install/pilz_industrial_motion_planner_testutils:/home/csrobot/workspaces/moveit_workspace/install/moveit_runtime:/home/csrobot/workspaces/moveit_workspace/install/moveit:/home/csrobot/workspaces/moveit_workspace/install/moveit_planners:/home/csrobot/workspaces/moveit_workspace/install/pilz_industrial_motion_planner:/home/csrobot/workspaces/moveit_workspace/install/moveit_ros_control_interface:/home/csrobot/workspaces/moveit_workspace/install/moveit_plugins:/home/csrobot/workspaces/moveit_workspace/install/moveit_simple_controller_manager:/home/csrobot/workspaces/moveit_workspace/install/moveit_setup_assistant:/home/csrobot/workspaces/moveit_workspace/install/moveit_setup_srdf_plugins:/home/csrobot/workspaces/moveit_workspace/install/moveit_setup_core_plugins:/home/csrobot/workspaces/moveit_workspace/install/moveit_setup_controllers:/home/csrobot/workspaces/moveit_workspace/install/moveit_setup_app_plugins:/home/csrobot/workspaces/moveit_workspace/install/moveit_setup_framework:/home/csrobot/workspaces/moveit_workspace/install/moveit_servo:/home/csrobot/workspaces/moveit_workspace/install/moveit_ros:/home/csrobot/workspaces/moveit_workspace/install/moveit_ros_visualization:/home/csrobot/workspaces/moveit_workspace/install/moveit_py:/home/csrobot/workspaces/moveit_workspace/install/moveit_hybrid_planning:/home/csrobot/workspaces/moveit_workspace/install/moveit_ros_planning_interface:/home/csrobot/workspaces/moveit_workspace/install/moveit_ros_benchmarks:/home/csrobot/workspaces/moveit_workspace/install/moveit_ros_warehouse:/home/csrobot/workspaces/moveit_workspace/install/moveit_ros_robot_interaction:/home/csrobot/workspaces/moveit_workspace/install/moveit_ros_perception:/home/csrobot/workspaces/moveit_workspace/install/moveit_resources_prbt_pg70_support:/home/csrobot/workspaces/moveit_workspace/install/moveit_resources_prbt_moveit_config:/home/csrobot/workspaces/moveit_workspace/install/moveit_ros_move_group:/home/csrobot/workspaces/moveit_workspace/install/moveit_planners_ompl:/home/csrobot/workspaces/moveit_workspace/install/moveit_kinematics:/home/csrobot/workspaces/moveit_workspace/install/moveit_ros_planning:/home/csrobot/workspaces/moveit_workspace/install/moveit_ros_occupancy_map_monitor:/home/csrobot/workspaces/moveit_workspace/install/moveit_resources_prbt_support:/home/csrobot/workspaces/moveit_workspace/install/moveit_resources_prbt_ikfast_manipulator_plugin:/home/csrobot/workspaces/moveit_workspace/install/moveit_resources:/home/csrobot/workspaces/moveit_workspace/install/moveit_resources_pr2_description:/home/csrobot/workspaces/moveit_workspace/install/moveit_resources_panda_moveit_config:/home/csrobot/workspaces/moveit_workspace/install/dual_arm_panda_moveit_config:/home/csrobot/workspaces/moveit_workspace/install/moveit_resources_panda_description:/home/csrobot/workspaces/moveit_workspace/install/moveit_resources_fanuc_moveit_config:/home/csrobot/workspaces/moveit_workspace/install/moveit_resources_fanuc_description:/home/csrobot/workspaces/moveit_workspace/install/moveit_planners_stomp:/home/csrobot/workspaces/moveit_workspace/install/moveit_planners_chomp:/home/csrobot/workspaces/moveit_workspace/install/chomp_motion_planner:/home/csrobot/workspaces/moveit_workspace/install/moveit_core:/home/csrobot/workspaces/moveit_workspace/install/moveit_msgs:/home/csrobot/workspaces/moveit_workspace/install/moveit_common:/home/csrobot/workspaces/moveit_workspace/install/moveit_configs_utils:/opt/ros/humble LD_LIBRARY_PATH=/home/csrobot/workspaces/ur_gazebo/src/install/ur_controllers/lib:/home/csrobot/workspaces/ur_gazebo/src/install/ur_dashboard_msgs/lib:${LD_LIBRARY_PATH} PYTHONPATH=/home/csrobot/workspaces/ur_gazebo/src/install/ur_dashboard_msgs/local/lib/python3.10/dist-packages:${PYTHONPATH} /usr/bin/cmake --install /home/csrobot/workspaces/ur_gazebo/src/build/ur_robot_driver
[24.848s] -- Install configuration: "RelWithDebInfo"
[24.849s] -- Installing: /home/csrobot/workspaces/ur_gazebo/src/install/ur_robot_driver/share/ur_robot_driver/hardware_interface_plugin.xml
[24.849s] -- Installing: /home/csrobot/workspaces/ur_gazebo/src/install/ur_robot_driver/lib/ur_robot_driver/dashboard_client
[24.869s] -- Set runtime path of "/home/csrobot/workspaces/ur_gazebo/src/install/ur_robot_driver/lib/ur_robot_driver/dashboard_client" to ""
[24.869s] -- Installing: /home/csrobot/workspaces/ur_gazebo/src/install/ur_robot_driver/lib/ur_robot_driver/ur_ros2_control_node
[24.871s] -- Set runtime path of "/home/csrobot/workspaces/ur_gazebo/src/install/ur_robot_driver/lib/ur_robot_driver/ur_ros2_control_node" to ""
[24.871s] -- Installing: /home/csrobot/workspaces/ur_gazebo/src/install/ur_robot_driver/lib/ur_robot_driver/controller_stopper_node
[24.891s] -- Set runtime path of "/home/csrobot/workspaces/ur_gazebo/src/install/ur_robot_driver/lib/ur_robot_driver/controller_stopper_node" to ""
[24.891s] -- Installing: /home/csrobot/workspaces/ur_gazebo/src/install/ur_robot_driver/lib/ur_robot_driver/urscript_interface
[24.905s] -- Set runtime path of "/home/csrobot/workspaces/ur_gazebo/src/install/ur_robot_driver/lib/ur_robot_driver/urscript_interface" to ""
[24.905s] -- Installing: /home/csrobot/workspaces/ur_gazebo/src/install/ur_robot_driver/lib/libur_robot_driver_plugin.so
[24.938s] -- Set runtime path of "/home/csrobot/workspaces/ur_gazebo/src/install/ur_robot_driver/lib/libur_robot_driver_plugin.so" to ""
[24.938s] -- Installing: /home/csrobot/workspaces/ur_gazebo/src/install/ur_robot_driver/include
[24.938s] -- Installing: /home/csrobot/workspaces/ur_gazebo/src/install/ur_robot_driver/include/ur_robot_driver
[24.938s] -- Installing: /home/csrobot/workspaces/ur_gazebo/src/install/ur_robot_driver/include/ur_robot_driver/dashboard_client_ros.hpp
[24.938s] -- Installing: /home/csrobot/workspaces/ur_gazebo/src/install/ur_robot_driver/include/ur_robot_driver/urcl_log_handler.hpp
[24.938s] -- Installing: /home/csrobot/workspaces/ur_gazebo/src/install/ur_robot_driver/include/ur_robot_driver/hardware_interface.hpp
[24.939s] -- Installing: /home/csrobot/workspaces/ur_gazebo/src/install/ur_robot_driver/include/ur_robot_driver/controller_stopper.hpp
[24.939s] -- Installing: /home/csrobot/workspaces/ur_gazebo/src/install/ur_robot_driver/share/ur_robot_driver/environment/library_path.sh
[24.939s] -- Installing: /home/csrobot/workspaces/ur_gazebo/src/install/ur_robot_driver/share/ur_robot_driver/environment/library_path.dsv
[24.939s] -- Installing: /home/csrobot/workspaces/ur_gazebo/src/install/ur_robot_driver/share/ur_robot_driver/resources
[24.939s] -- Installing: /home/csrobot/workspaces/ur_gazebo/src/install/ur_robot_driver/share/ur_robot_driver/resources/externalcontrol-1.0.5.urcap
[24.940s] -- Installing: /home/csrobot/workspaces/ur_gazebo/src/install/ur_robot_driver/share/ur_robot_driver/resources/rtde_output_recipe.txt
[24.940s] -- Installing: /home/csrobot/workspaces/ur_gazebo/src/install/ur_robot_driver/share/ur_robot_driver/resources/ros_control.urscript
[24.940s] -- Installing: /home/csrobot/workspaces/ur_gazebo/src/install/ur_robot_driver/share/ur_robot_driver/resources/rs485-1.0.urcap
[24.940s] -- Installing: /home/csrobot/workspaces/ur_gazebo/src/install/ur_robot_driver/share/ur_robot_driver/resources/rtde_input_recipe.txt
[24.940s] -- Up-to-date: /home/csrobot/workspaces/ur_gazebo/src/install/ur_robot_driver/include
[24.940s] -- Up-to-date: /home/csrobot/workspaces/ur_gazebo/src/install/ur_robot_driver/include/ur_robot_driver
[24.941s] -- Up-to-date: /home/csrobot/workspaces/ur_gazebo/src/install/ur_robot_driver/include/ur_robot_driver/dashboard_client_ros.hpp
[24.941s] -- Up-to-date: /home/csrobot/workspaces/ur_gazebo/src/install/ur_robot_driver/include/ur_robot_driver/urcl_log_handler.hpp
[24.941s] -- Up-to-date: /home/csrobot/workspaces/ur_gazebo/src/install/ur_robot_driver/include/ur_robot_driver/hardware_interface.hpp
[24.941s] -- Up-to-date: /home/csrobot/workspaces/ur_gazebo/src/install/ur_robot_driver/include/ur_robot_driver/controller_stopper.hpp
[24.941s] -- Installing: /home/csrobot/workspaces/ur_gazebo/src/install/ur_robot_driver/share/ur_robot_driver/environment/pythonpath.sh
[24.941s] -- Installing: /home/csrobot/workspaces/ur_gazebo/src/install/ur_robot_driver/share/ur_robot_driver/environment/pythonpath.dsv
[24.941s] -- Installing: /home/csrobot/workspaces/ur_gazebo/src/install/ur_robot_driver/local/lib/python3.10/dist-packages/ur_robot_driver-2.2.13-py3.10.egg-info
[24.941s] -- Installing: /home/csrobot/workspaces/ur_gazebo/src/install/ur_robot_driver/local/lib/python3.10/dist-packages/ur_robot_driver-2.2.13-py3.10.egg-info/PKG-INFO
[24.941s] -- Installing: /home/csrobot/workspaces/ur_gazebo/src/install/ur_robot_driver/local/lib/python3.10/dist-packages/ur_robot_driver-2.2.13-py3.10.egg-info/top_level.txt
[24.941s] -- Installing: /home/csrobot/workspaces/ur_gazebo/src/install/ur_robot_driver/local/lib/python3.10/dist-packages/ur_robot_driver-2.2.13-py3.10.egg-info/dependency_links.txt
[24.941s] -- Installing: /home/csrobot/workspaces/ur_gazebo/src/install/ur_robot_driver/local/lib/python3.10/dist-packages/ur_robot_driver-2.2.13-py3.10.egg-info/SOURCES.txt
[24.941s] -- Installing: /home/csrobot/workspaces/ur_gazebo/src/install/ur_robot_driver/local/lib/python3.10/dist-packages/ur_robot_driver
[24.942s] -- Installing: /home/csrobot/workspaces/ur_gazebo/src/install/ur_robot_driver/local/lib/python3.10/dist-packages/ur_robot_driver/__init__.py
[24.969s] Listing '/home/csrobot/workspaces/ur_gazebo/src/install/ur_robot_driver/local/lib/python3.10/dist-packages/ur_robot_driver'...
[24.970s] Compiling '/home/csrobot/workspaces/ur_gazebo/src/install/ur_robot_driver/local/lib/python3.10/dist-packages/ur_robot_driver/__init__.py'...
[24.973s] -- Installing: /home/csrobot/workspaces/ur_gazebo/src/install/ur_robot_driver/lib/ur_robot_driver/tool_communication.py
[24.973s] -- Installing: /home/csrobot/workspaces/ur_gazebo/src/install/ur_robot_driver/bin/wait_dashboard_server.sh
[24.973s] -- Installing: /home/csrobot/workspaces/ur_gazebo/src/install/ur_robot_driver/lib/ur_robot_driver/start_ursim.sh
[24.973s] -- Installing: /home/csrobot/workspaces/ur_gazebo/src/install/ur_robot_driver/share/ur_robot_driver/config
[24.973s] -- Installing: /home/csrobot/workspaces/ur_gazebo/src/install/ur_robot_driver/share/ur_robot_driver/config/ur_controllers.yaml
[24.973s] -- Installing: /home/csrobot/workspaces/ur_gazebo/src/install/ur_robot_driver/share/ur_robot_driver/config/test_velocity_goal_publishers_config.yaml
[24.974s] -- Installing: /home/csrobot/workspaces/ur_gazebo/src/install/ur_robot_driver/share/ur_robot_driver/config/ur3e_update_rate.yaml
[24.974s] -- Installing: /home/csrobot/workspaces/ur_gazebo/src/install/ur_robot_driver/share/ur_robot_driver/config/ur20_update_rate.yaml
[24.974s] -- Installing: /home/csrobot/workspaces/ur_gazebo/src/install/ur_robot_driver/share/ur_robot_driver/config/test_goal_publishers_config.yaml
[24.974s] -- Installing: /home/csrobot/workspaces/ur_gazebo/src/install/ur_robot_driver/share/ur_robot_driver/config/ur10e_update_rate.yaml
[24.974s] -- Installing: /home/csrobot/workspaces/ur_gazebo/src/install/ur_robot_driver/share/ur_robot_driver/config/ur5e_update_rate.yaml
[24.974s] -- Installing: /home/csrobot/workspaces/ur_gazebo/src/install/ur_robot_driver/share/ur_robot_driver/config/ur16e_update_rate.yaml
[24.974s] -- Installing: /home/csrobot/workspaces/ur_gazebo/src/install/ur_robot_driver/share/ur_robot_driver/config/ur5_update_rate.yaml
[24.974s] -- Installing: /home/csrobot/workspaces/ur_gazebo/src/install/ur_robot_driver/share/ur_robot_driver/config/ur30_update_rate.yaml
[24.975s] -- Installing: /home/csrobot/workspaces/ur_gazebo/src/install/ur_robot_driver/share/ur_robot_driver/config/ur3_update_rate.yaml
[24.975s] -- Installing: /home/csrobot/workspaces/ur_gazebo/src/install/ur_robot_driver/share/ur_robot_driver/config/ur10_update_rate.yaml
[24.975s] -- Installing: /home/csrobot/workspaces/ur_gazebo/src/install/ur_robot_driver/share/ur_robot_driver/launch
[24.975s] -- Installing: /home/csrobot/workspaces/ur_gazebo/src/install/ur_robot_driver/share/ur_robot_driver/launch/ur30.launch.py
[24.975s] -- Installing: /home/csrobot/workspaces/ur_gazebo/src/install/ur_robot_driver/share/ur_robot_driver/launch/test_joint_trajectory_controller.launch.py
[24.975s] -- Installing: /home/csrobot/workspaces/ur_gazebo/src/install/ur_robot_driver/share/ur_robot_driver/launch/ur3.launch.py
[24.976s] -- Installing: /home/csrobot/workspaces/ur_gazebo/src/install/ur_robot_driver/share/ur_robot_driver/launch/test_scaled_joint_trajectory_controller.launch.py
[24.976s] -- Installing: /home/csrobot/workspaces/ur_gazebo/src/install/ur_robot_driver/share/ur_robot_driver/launch/test_forward_velocity_controller.launch.py
[24.976s] -- Installing: /home/csrobot/workspaces/ur_gazebo/src/install/ur_robot_driver/share/ur_robot_driver/launch/ur5e.launch.py
[24.976s] -- Installing: /home/csrobot/workspaces/ur_gazebo/src/install/ur_robot_driver/share/ur_robot_driver/launch/ur10.launch.py
[24.977s] -- Installing: /home/csrobot/workspaces/ur_gazebo/src/install/ur_robot_driver/share/ur_robot_driver/launch/ur10e.launch.py
[24.977s] -- Installing: /home/csrobot/workspaces/ur_gazebo/src/install/ur_robot_driver/share/ur_robot_driver/launch/ur3e.launch.py
[24.977s] -- Installing: /home/csrobot/workspaces/ur_gazebo/src/install/ur_robot_driver/share/ur_robot_driver/launch/ur20.launch.py
[24.977s] -- Installing: /home/csrobot/workspaces/ur_gazebo/src/install/ur_robot_driver/share/ur_robot_driver/launch/ur5.launch.py
[24.978s] -- Installing: /home/csrobot/workspaces/ur_gazebo/src/install/ur_robot_driver/share/ur_robot_driver/launch/ur_dashboard_client.launch.py
[24.978s] -- Installing: /home/csrobot/workspaces/ur_gazebo/src/install/ur_robot_driver/share/ur_robot_driver/launch/ur16e.launch.py
[24.978s] -- Installing: /home/csrobot/workspaces/ur_gazebo/src/install/ur_robot_driver/share/ur_robot_driver/launch/ur_control.launch.py
[24.979s] -- Installing: /home/csrobot/workspaces/ur_gazebo/src/install/ur_robot_driver/share/ament_index/resource_index/package_run_dependencies/ur_robot_driver
[24.979s] -- Installing: /home/csrobot/workspaces/ur_gazebo/src/install/ur_robot_driver/share/ament_index/resource_index/parent_prefix_path/ur_robot_driver
[24.979s] -- Installing: /home/csrobot/workspaces/ur_gazebo/src/install/ur_robot_driver/share/ur_robot_driver/environment/ament_prefix_path.sh
[24.979s] -- Installing: /home/csrobot/workspaces/ur_gazebo/src/install/ur_robot_driver/share/ur_robot_driver/environment/ament_prefix_path.dsv
[24.979s] -- Installing: /home/csrobot/workspaces/ur_gazebo/src/install/ur_robot_driver/share/ur_robot_driver/environment/path.sh
[24.980s] -- Installing: /home/csrobot/workspaces/ur_gazebo/src/install/ur_robot_driver/share/ur_robot_driver/environment/path.dsv
[24.980s] -- Installing: /home/csrobot/workspaces/ur_gazebo/src/install/ur_robot_driver/share/ur_robot_driver/local_setup.bash
[24.980s] -- Installing: /home/csrobot/workspaces/ur_gazebo/src/install/ur_robot_driver/share/ur_robot_driver/local_setup.sh
[24.980s] -- Installing: /home/csrobot/workspaces/ur_gazebo/src/install/ur_robot_driver/share/ur_robot_driver/local_setup.zsh
[24.980s] -- Installing: /home/csrobot/workspaces/ur_gazebo/src/install/ur_robot_driver/share/ur_robot_driver/local_setup.dsv
[24.980s] -- Installing: /home/csrobot/workspaces/ur_gazebo/src/install/ur_robot_driver/share/ur_robot_driver/package.dsv
[24.981s] -- Installing: /home/csrobot/workspaces/ur_gazebo/src/install/ur_robot_driver/share/ament_index/resource_index/packages/ur_robot_driver
[24.981s] -- Installing: /home/csrobot/workspaces/ur_gazebo/src/install/ur_robot_driver/share/ament_index/resource_index/hardware_interface__pluginlib__plugin/ur_robot_driver
[24.981s] -- Installing: /home/csrobot/workspaces/ur_gazebo/src/install/ur_robot_driver/share/ur_robot_driver/cmake/ament_cmake_export_include_directories-extras.cmake
[24.981s] -- Installing: /home/csrobot/workspaces/ur_gazebo/src/install/ur_robot_driver/share/ur_robot_driver/cmake/ament_cmake_export_libraries-extras.cmake
[24.982s] -- Installing: /home/csrobot/workspaces/ur_gazebo/src/install/ur_robot_driver/share/ur_robot_driver/cmake/ament_cmake_export_dependencies-extras.cmake
[24.982s] -- Installing: /home/csrobot/workspaces/ur_gazebo/src/install/ur_robot_driver/share/ur_robot_driver/cmake/ur_robot_driverConfig.cmake
[24.982s] -- Installing: /home/csrobot/workspaces/ur_gazebo/src/install/ur_robot_driver/share/ur_robot_driver/cmake/ur_robot_driverConfig-version.cmake
[24.982s] -- Installing: /home/csrobot/workspaces/ur_gazebo/src/install/ur_robot_driver/share/ur_robot_driver/package.xml
[24.985s] Invoked command in '/home/csrobot/workspaces/ur_gazebo/src/build/ur_robot_driver' returned '0': AMENT_PREFIX_PATH=/home/csrobot/workspaces/ur_gazebo/src/install/ur_controllers:/home/csrobot/workspaces/ur_gazebo/src/install/ur_description:/home/csrobot/workspaces/ur_gazebo/src/install/ur_dashboard_msgs:${AMENT_PREFIX_PATH} CMAKE_PREFIX_PATH=/home/csrobot/workspaces/ur_gazebo/src/install/ur_controllers:/home/csrobot/workspaces/ur_gazebo/src/install/ur_description:/home/csrobot/workspaces/ur_gazebo/src/install/ur_dashboard_msgs:/home/csrobot/workspaces/moveit_workspace/install/pilz_industrial_motion_planner_testutils:/home/csrobot/workspaces/moveit_workspace/install/moveit_runtime:/home/csrobot/workspaces/moveit_workspace/install/moveit:/home/csrobot/workspaces/moveit_workspace/install/moveit_planners:/home/csrobot/workspaces/moveit_workspace/install/pilz_industrial_motion_planner:/home/csrobot/workspaces/moveit_workspace/install/moveit_ros_control_interface:/home/csrobot/workspaces/moveit_workspace/install/moveit_plugins:/home/csrobot/workspaces/moveit_workspace/install/moveit_simple_controller_manager:/home/csrobot/workspaces/moveit_workspace/install/moveit_setup_assistant:/home/csrobot/workspaces/moveit_workspace/install/moveit_setup_srdf_plugins:/home/csrobot/workspaces/moveit_workspace/install/moveit_setup_core_plugins:/home/csrobot/workspaces/moveit_workspace/install/moveit_setup_controllers:/home/csrobot/workspaces/moveit_workspace/install/moveit_setup_app_plugins:/home/csrobot/workspaces/moveit_workspace/install/moveit_setup_framework:/home/csrobot/workspaces/moveit_workspace/install/moveit_servo:/home/csrobot/workspaces/moveit_workspace/install/moveit_ros:/home/csrobot/workspaces/moveit_workspace/install/moveit_ros_visualization:/home/csrobot/workspaces/moveit_workspace/install/moveit_py:/home/csrobot/workspaces/moveit_workspace/install/moveit_hybrid_planning:/home/csrobot/workspaces/moveit_workspace/install/moveit_ros_planning_interface:/home/csrobot/workspaces/moveit_workspace/install/moveit_ros_benchmarks:/home/csrobot/workspaces/moveit_workspace/install/moveit_ros_warehouse:/home/csrobot/workspaces/moveit_workspace/install/moveit_ros_robot_interaction:/home/csrobot/workspaces/moveit_workspace/install/moveit_ros_perception:/home/csrobot/workspaces/moveit_workspace/install/moveit_resources_prbt_pg70_support:/home/csrobot/workspaces/moveit_workspace/install/moveit_resources_prbt_moveit_config:/home/csrobot/workspaces/moveit_workspace/install/moveit_ros_move_group:/home/csrobot/workspaces/moveit_workspace/install/moveit_planners_ompl:/home/csrobot/workspaces/moveit_workspace/install/moveit_kinematics:/home/csrobot/workspaces/moveit_workspace/install/moveit_ros_planning:/home/csrobot/workspaces/moveit_workspace/install/moveit_ros_occupancy_map_monitor:/home/csrobot/workspaces/moveit_workspace/install/moveit_resources_prbt_support:/home/csrobot/workspaces/moveit_workspace/install/moveit_resources_prbt_ikfast_manipulator_plugin:/home/csrobot/workspaces/moveit_workspace/install/moveit_resources:/home/csrobot/workspaces/moveit_workspace/install/moveit_resources_pr2_description:/home/csrobot/workspaces/moveit_workspace/install/moveit_resources_panda_moveit_config:/home/csrobot/workspaces/moveit_workspace/install/dual_arm_panda_moveit_config:/home/csrobot/workspaces/moveit_workspace/install/moveit_resources_panda_description:/home/csrobot/workspaces/moveit_workspace/install/moveit_resources_fanuc_moveit_config:/home/csrobot/workspaces/moveit_workspace/install/moveit_resources_fanuc_description:/home/csrobot/workspaces/moveit_workspace/install/moveit_planners_stomp:/home/csrobot/workspaces/moveit_workspace/install/moveit_planners_chomp:/home/csrobot/workspaces/moveit_workspace/install/chomp_motion_planner:/home/csrobot/workspaces/moveit_workspace/install/moveit_core:/home/csrobot/workspaces/moveit_workspace/install/moveit_msgs:/home/csrobot/workspaces/moveit_workspace/install/moveit_common:/home/csrobot/workspaces/moveit_workspace/install/moveit_configs_utils:/opt/ros/humble LD_LIBRARY_PATH=/home/csrobot/workspaces/ur_gazebo/src/install/ur_controllers/lib:/home/csrobot/workspaces/ur_gazebo/src/install/ur_dashboard_msgs/lib:${LD_LIBRARY_PATH} PYTHONPATH=/home/csrobot/workspaces/ur_gazebo/src/install/ur_dashboard_msgs/local/lib/python3.10/dist-packages:${PYTHONPATH} /usr/bin/cmake --install /home/csrobot/workspaces/ur_gazebo/src/build/ur_robot_driver
